<?xml version="1.0" encoding="UTF-8"?>
<testng-results skipped="0" failed="0" total="1" passed="1">
  <reporter-output>
  </reporter-output>
  <suite name="Default suite" duration-ms="9050" started-at="2016-12-28T07:33:59Z" finished-at="2016-12-28T07:34:08Z">
    <groups>
    </groups>
    <test name="Default test" duration-ms="9050" started-at="2016-12-28T07:33:59Z" finished-at="2016-12-28T07:34:08Z">
      <class name="com.primusbank.tests.PrimusBankHybridTest">
        <test-method status="PASS" signature="launchApp()[pri:0, instance:com.primusbank.tests.PrimusBankHybridTest@684bf9ca]" name="launchApp" is-config="true" duration-ms="763" started-at="2016-12-28T13:03:58Z" finished-at="2016-12-28T13:03:59Z">
          <reporter-output>
          </reporter-output>
        </test-method> <!-- launchApp -->
        <test-method status="PASS" signature="keywordDrivenTest()[pri:0, instance:com.primusbank.tests.PrimusBankHybridTest@684bf9ca]" name="keywordDrivenTest" duration-ms="9032" started-at="2016-12-28T13:03:59Z" finished-at="2016-12-28T13:04:08Z">
          <reporter-output>
          </reporter-output>
        </test-method> <!-- keywordDrivenTest -->
        <test-method status="PASS" signature="closeApp()[pri:0, instance:com.primusbank.tests.PrimusBankHybridTest@684bf9ca]" name="closeApp" is-config="true" duration-ms="9" started-at="2016-12-28T13:04:08Z" finished-at="2016-12-28T13:04:08Z">
          <reporter-output>
          </reporter-output>
        </test-method> <!-- closeApp -->
      </class> <!-- com.primusbank.tests.PrimusBankHybridTest -->
    </test> <!-- Default test -->
  </suite> <!-- Default suite -->
</testng-results>
